mode: set
github.com/asyrawih/manga/repositories/mysql/manga_repo.go:19.42,23.2 1 0
github.com/asyrawih/manga/repositories/mysql/manga_repo.go:28.55,31.16 3 0
github.com/asyrawih/manga/repositories/mysql/manga_repo.go:35.2,35.15 1 0
github.com/asyrawih/manga/repositories/mysql/manga_repo.go:43.2,43.16 1 0
github.com/asyrawih/manga/repositories/mysql/manga_repo.go:31.16,33.3 1 0
github.com/asyrawih/manga/repositories/mysql/manga_repo.go:35.15,37.173 2 0
github.com/asyrawih/manga/repositories/mysql/manga_repo.go:40.3,40.23 1 0
github.com/asyrawih/manga/repositories/mysql/manga_repo.go:37.173,39.4 1 0
github.com/asyrawih/manga/repositories/mysql/manga_repo.go:49.61,55.12 5 0
github.com/asyrawih/manga/repositories/mysql/manga_repo.go:82.2,82.6 1 0
github.com/asyrawih/manga/repositories/mysql/manga_repo.go:55.12,68.17 2 0
github.com/asyrawih/manga/repositories/mysql/manga_repo.go:72.3,73.17 2 0
github.com/asyrawih/manga/repositories/mysql/manga_repo.go:77.3,79.21 2 0
github.com/asyrawih/manga/repositories/mysql/manga_repo.go:68.17,70.4 1 0
github.com/asyrawih/manga/repositories/mysql/manga_repo.go:73.17,75.4 1 0
github.com/asyrawih/manga/repositories/mysql/manga_repo.go:82.6,83.10 1 0
github.com/asyrawih/manga/repositories/mysql/manga_repo.go:84.25,86.14 2 0
github.com/asyrawih/manga/repositories/mysql/manga_repo.go:87.11,89.14 2 0
github.com/asyrawih/manga/repositories/mysql/manga_repo.go:97.69,101.12 4 0
github.com/asyrawih/manga/repositories/mysql/manga_repo.go:121.2,121.6 1 0
github.com/asyrawih/manga/repositories/mysql/manga_repo.go:101.12,115.17 2 0
github.com/asyrawih/manga/repositories/mysql/manga_repo.go:118.3,118.21 1 0
github.com/asyrawih/manga/repositories/mysql/manga_repo.go:115.17,117.4 1 0
github.com/asyrawih/manga/repositories/mysql/manga_repo.go:121.6,122.10 1 0
github.com/asyrawih/manga/repositories/mysql/manga_repo.go:123.29,125.9 2 0
github.com/asyrawih/manga/repositories/mysql/manga_repo.go:126.11,129.14 3 0
github.com/asyrawih/manga/repositories/mysql/manga_repo.go:135.64,149.16 4 0
github.com/asyrawih/manga/repositories/mysql/manga_repo.go:153.2,153.19 1 0
github.com/asyrawih/manga/repositories/mysql/manga_repo.go:149.16,152.3 2 0
github.com/asyrawih/manga/repositories/mysql/manga_repo.go:157.73,161.16 4 0
github.com/asyrawih/manga/repositories/mysql/manga_repo.go:165.2,165.15 1 0
github.com/asyrawih/manga/repositories/mysql/manga_repo.go:173.2,173.21 1 0
github.com/asyrawih/manga/repositories/mysql/manga_repo.go:161.16,163.3 1 0
github.com/asyrawih/manga/repositories/mysql/manga_repo.go:165.15,167.173 2 0
github.com/asyrawih/manga/repositories/mysql/manga_repo.go:170.3,170.33 1 0
github.com/asyrawih/manga/repositories/mysql/manga_repo.go:167.173,169.4 1 0
github.com/asyrawih/manga/repositories/mysql/manga_repo.go:177.67,181.16 4 0
github.com/asyrawih/manga/repositories/mysql/manga_repo.go:185.2,185.15 1 0
github.com/asyrawih/manga/repositories/mysql/manga_repo.go:193.2,193.21 1 0
github.com/asyrawih/manga/repositories/mysql/manga_repo.go:181.16,183.3 1 0
github.com/asyrawih/manga/repositories/mysql/manga_repo.go:185.15,187.173 2 0
github.com/asyrawih/manga/repositories/mysql/manga_repo.go:190.3,190.33 1 0
github.com/asyrawih/manga/repositories/mysql/manga_repo.go:187.173,189.4 1 0
github.com/asyrawih/manga/repositories/mysql/manga_repo.go:197.51,202.16 5 0
github.com/asyrawih/manga/repositories/mysql/manga_repo.go:207.2,208.16 2 0
github.com/asyrawih/manga/repositories/mysql/manga_repo.go:213.2,214.12 2 0
github.com/asyrawih/manga/repositories/mysql/manga_repo.go:202.16,205.3 2 0
github.com/asyrawih/manga/repositories/mysql/manga_repo.go:208.16,211.3 2 0
github.com/asyrawih/manga/repositories/mysql/user_repo.go:18.40,22.2 1 0
github.com/asyrawih/manga/repositories/mysql/user_repo.go:25.66,31.82 5 0
github.com/asyrawih/manga/repositories/mysql/user_repo.go:34.2,34.19 1 0
github.com/asyrawih/manga/repositories/mysql/user_repo.go:31.82,33.3 1 0
github.com/asyrawih/manga/repositories/mysql/user_repo.go:41.68,47.82 4 0
github.com/asyrawih/manga/repositories/mysql/user_repo.go:51.2,51.19 1 0
github.com/asyrawih/manga/repositories/mysql/user_repo.go:47.82,49.3 1 0
github.com/asyrawih/manga/repositories/mysql/user_repo.go:57.56,63.16 4 0
github.com/asyrawih/manga/repositories/mysql/user_repo.go:67.2,67.15 1 0
github.com/asyrawih/manga/repositories/mysql/user_repo.go:75.2,75.19 1 0
github.com/asyrawih/manga/repositories/mysql/user_repo.go:63.16,65.3 1 0
github.com/asyrawih/manga/repositories/mysql/user_repo.go:67.15,69.83 2 0
github.com/asyrawih/manga/repositories/mysql/user_repo.go:72.3,72.31 1 0
github.com/asyrawih/manga/repositories/mysql/user_repo.go:69.83,71.4 1 0
github.com/asyrawih/manga/repositories/mysql/user_repo.go:79.61,86.16 5 0
github.com/asyrawih/manga/repositories/mysql/user_repo.go:90.2,91.16 2 0
github.com/asyrawih/manga/repositories/mysql/user_repo.go:95.2,96.16 2 0
github.com/asyrawih/manga/repositories/mysql/user_repo.go:100.2,102.12 2 0
github.com/asyrawih/manga/repositories/mysql/user_repo.go:86.16,88.3 1 0
github.com/asyrawih/manga/repositories/mysql/user_repo.go:91.16,93.3 1 0
github.com/asyrawih/manga/repositories/mysql/user_repo.go:96.16,98.3 1 0
github.com/asyrawih/manga/repositories/mysql/user_repo.go:105.49,108.16 3 0
github.com/asyrawih/manga/repositories/mysql/user_repo.go:112.2,113.16 2 0
github.com/asyrawih/manga/repositories/mysql/user_repo.go:117.2,117.12 1 0
github.com/asyrawih/manga/repositories/mysql/user_repo.go:108.16,110.3 1 0
github.com/asyrawih/manga/repositories/mysql/user_repo.go:113.16,115.3 1 0
github.com/asyrawih/manga/repositories/mysql/user_repo.go:122.71,129.73 4 0
github.com/asyrawih/manga/repositories/mysql/user_repo.go:133.2,133.24 1 0
github.com/asyrawih/manga/repositories/mysql/user_repo.go:129.73,131.3 1 0
github.com/asyrawih/manga/repositories/mysql/chapter_repo.go:17.58,21.2 1 0
github.com/asyrawih/manga/repositories/mysql/chapter_repo.go:24.120,30.24 5 1
github.com/asyrawih/manga/repositories/mysql/chapter_repo.go:36.2,36.43 1 1
github.com/asyrawih/manga/repositories/mysql/chapter_repo.go:42.2,44.16 3 1
github.com/asyrawih/manga/repositories/mysql/chapter_repo.go:48.2,48.15 1 1
github.com/asyrawih/manga/repositories/mysql/chapter_repo.go:60.2,61.8 2 1
github.com/asyrawih/manga/repositories/mysql/chapter_repo.go:30.24,34.3 3 1
github.com/asyrawih/manga/repositories/mysql/chapter_repo.go:36.43,40.3 3 1
github.com/asyrawih/manga/repositories/mysql/chapter_repo.go:44.16,46.3 1 1
github.com/asyrawih/manga/repositories/mysql/chapter_repo.go:48.15,51.89 3 1
github.com/asyrawih/manga/repositories/mysql/chapter_repo.go:55.3,57.28 2 1
github.com/asyrawih/manga/repositories/mysql/chapter_repo.go:51.89,53.4 1 1
github.com/asyrawih/manga/repositories/mysql/chapter_repo.go:65.78,75.88 6 1
github.com/asyrawih/manga/repositories/mysql/chapter_repo.go:79.2,81.15 2 1
github.com/asyrawih/manga/repositories/mysql/chapter_repo.go:75.88,77.3 1 1
github.com/asyrawih/manga/repositories/mysql/chapter_repo.go:86.83,93.34 4 1
github.com/asyrawih/manga/repositories/mysql/chapter_repo.go:97.2,100.16 3 1
github.com/asyrawih/manga/repositories/mysql/chapter_repo.go:103.2,103.12 1 1
github.com/asyrawih/manga/repositories/mysql/chapter_repo.go:93.34,95.3 1 1
github.com/asyrawih/manga/repositories/mysql/chapter_repo.go:100.16,102.3 1 1
github.com/asyrawih/manga/repositories/mysql/chapter_repo.go:108.84,109.26 1 0
