mode: set
github.com/asyrawih/manga/internal/services/manga_service.go:15.92,20.2 1 1
github.com/asyrawih/manga/internal/services/manga_service.go:23.66,24.48 1 1
github.com/asyrawih/manga/internal/services/manga_service.go:28.2,28.12 1 1
github.com/asyrawih/manga/internal/services/manga_service.go:24.48,27.3 2 1
github.com/asyrawih/manga/internal/services/manga_service.go:32.60,34.16 2 1
github.com/asyrawih/manga/internal/services/manga_service.go:38.2,38.15 1 1
github.com/asyrawih/manga/internal/services/manga_service.go:34.16,37.3 2 1
github.com/asyrawih/manga/internal/services/manga_service.go:42.74,43.52 1 1
github.com/asyrawih/manga/internal/services/manga_service.go:47.2,47.12 1 1
github.com/asyrawih/manga/internal/services/manga_service.go:43.52,46.3 2 1
github.com/asyrawih/manga/internal/services/manga_service.go:51.69,53.16 2 1
github.com/asyrawih/manga/internal/services/manga_service.go:57.2,57.15 1 1
github.com/asyrawih/manga/internal/services/manga_service.go:53.16,56.3 2 1
github.com/asyrawih/manga/internal/services/manga_service.go:61.78,63.16 2 1
github.com/asyrawih/manga/internal/services/manga_service.go:67.2,67.20 1 1
github.com/asyrawih/manga/internal/services/manga_service.go:63.16,66.3 2 1
github.com/asyrawih/manga/internal/services/manga_service.go:71.72,73.16 2 1
github.com/asyrawih/manga/internal/services/manga_service.go:77.2,77.20 1 1
github.com/asyrawih/manga/internal/services/manga_service.go:73.16,76.3 2 1
github.com/asyrawih/manga/internal/services/manga_service.go:81.56,83.16 2 1
github.com/asyrawih/manga/internal/services/manga_service.go:87.2,87.12 1 1
github.com/asyrawih/manga/internal/services/manga_service.go:83.16,86.3 2 1
github.com/asyrawih/manga/internal/services/user_service.go:19.87,24.2 1 1
github.com/asyrawih/manga/internal/services/user_service.go:26.66,28.2 1 1
github.com/asyrawih/manga/internal/services/user_service.go:30.61,32.2 1 1
github.com/asyrawih/manga/internal/services/user_service.go:34.73,36.2 1 1
github.com/asyrawih/manga/internal/services/user_service.go:39.54,41.16 2 1
github.com/asyrawih/manga/internal/services/user_service.go:44.2,44.37 1 1
github.com/asyrawih/manga/internal/services/user_service.go:41.16,43.3 1 1
github.com/asyrawih/manga/internal/services/user_service.go:47.97,49.16 2 1
github.com/asyrawih/manga/internal/services/user_service.go:53.2,53.68 1 1
github.com/asyrawih/manga/internal/services/user_service.go:57.2,74.79 8 1
github.com/asyrawih/manga/internal/services/user_service.go:49.16,51.3 1 1
github.com/asyrawih/manga/internal/services/user_service.go:53.68,55.3 1 1
